{
  "defectsList" : [ {
    "title" : "Product defects",
    "status" : "FAILED",
    "defects" : [ {
      "uid" : "a8de6baa2684b1c1",
      "failure" : {
        "message" : "AssertionError: ",
        "stackTrace" : "self = <test_basic.TestBasic object at 0x10ec3fe48>, action = 'release'\n\n    @pytest.allure.feature('Home')\n    @allure.severity('blocker')\n    @allure.story('Basic')\n    def test_basic_01(self, action):\n        \"\"\"\n                用例描述：未登陆状态下查看基础设置\n            \"\"\"\n        conf = Config()\n        data = Basic()\n        test = Assert.Assertions()\n        request = Request.Request(action)\n    \n        host = conf.host_debug\n        req_url = 'http://' + host\n        urls = data.url\n        params = data.data\n        headers = data.header\n    \n        api_url = req_url + urls[0]\n        response = request.get_request(api_url, params[0], headers[0])\n    \n        assert test.assert_code(response['code'], 401)\n        assert test.assert_body(response['body'], 'error', u'继续操作前请注册或者登录.')\n>       assert test.assert_time(response['time_consuming'], 100)\n\nTestCase/test_basic.py:43: \n_ _ _ _ _ _ _ _ _ _ _ _ _ _ _ _ _ _ _ _ _ _ _ _ _ _ _ _ _ _ _ _ _ _ _ _ _ _ _ _ \n\nself = <Common.Assert.Assertions object at 0x10ec3f7b8>, time = 671.038\nexpected_time = 100\n\n    def assert_time(self, time, expected_time):\n        \"\"\"\n            验证response body响应时间小于预期最大响应时间,单位：毫秒\n            :param body:\n            :param expected_time:\n            :return:\n            \"\"\"\n        try:\n>           assert time < expected_time\nE           AssertionError\n\nCommon/Assert.py:98: AssertionError"
      },
      "testCases" : [ {
        "uid" : "65f986de8cb310ba",
        "name" : "TestBasic.test_basic_01",
        "title" : "Test basic 01",
        "time" : {
          "start" : 1535204977749,
          "stop" : 1535204978950,
          "duration" : 1201
        },
        "severity" : "BLOCKER",
        "status" : "FAILED"
      }, {
        "uid" : "92b6231676d02f05",
        "name" : "TestCollections.test_collections_02",
        "title" : "Test collections 02",
        "time" : {
          "start" : 1535204980903,
          "stop" : 1535204981938,
          "duration" : 1035
        },
        "severity" : "BLOCKER",
        "status" : "FAILED"
      } ]
    } ]
  }, {
    "title" : "Test defects",
    "status" : "BROKEN",
    "defects" : [ ]
  } ]
}